[
{"y": "0", "x": "0", "intensite": "9"},
{"y": "1", "x": "0", "intensite": "0"},
{"y": "2", "x": "0", "intensite": "0"},
{"y": "3", "x": "0", "intensite": "0"},
{"y": "4", "x": "0", "intensite": "0"},
{"y": "5", "x": "0", "intensite": "0"},
{"y": "6", "x": "0", "intensite": "0"},
{"y": "7", "x": "0", "intensite": "0"},
{"y": "8", "x": "0", "intensite": "0"},
{"y": "9", "x": "0", "intensite": "0"},
{"y": "0", "x": "1", "intensite": "1"},
{"y": "1", "x": "1", "intensite": "0"},
{"y": "2", "x": "1", "intensite": "0"},
{"y": "3", "x": "1", "intensite": "9"},
{"y": "4", "x": "1", "intensite": "0"},
{"y": "5", "x": "1", "intensite": "0"},
{"y": "6", "x": "1", "intensite": "0"},
{"y": "7", "x": "1", "intensite": "0"},
{"y": "8", "x": "1", "intensite": "0"},
{"y": "9", "x": "1", "intensite": "0"},
{"y": "0", "x": "2", "intensite": "0"},
{"y": "1", "x": "2", "intensite": "0"},
{"y": "2", "x": "2", "intensite": "0"},
{"y": "3", "x": "2", "intensite": "0"},
{"y": "4", "x": "2", "intensite": "0"},
{"y": "5", "x": "2", "intensite": "0"},
{"y": "6", "x": "2", "intensite": "0"},
{"y": "7", "x": "2", "intensite": "0"},
{"y": "8", "x": "2", "intensite": "0"},
{"y": "9", "x": "2", "intensite": "0"},
{"y": "0", "x": "3", "intensite": "0"},
{"y": "1", "x": "3", "intensite": "0"},
{"y": "2", "x": "3", "intensite": "0"},
{"y": "3", "x": "3", "intensite": "0"},
{"y": "4", "x": "3", "intensite": "0"},
{"y": "5", "x": "3", "intensite": "0"},
{"y": "6", "x": "3", "intensite": "0"},
{"y": "7", "x": "3", "intensite": "0"},
{"y": "8", "x": "3", "intensite": "0"},
{"y": "9", "x": "3", "intensite": "0"},
{"y": "0", "x": "4", "intensite": "0"},
{"y": "1", "x": "4", "intensite": "0"},
{"y": "2", "x": "4", "intensite": "0"},
{"y": "3", "x": "4", "intensite": "0"},
{"y": "4", "x": "4", "intensite": "0"},
{"y": "5", "x": "4", "intensite": "0"},
{"y": "6", "x": "4", "intensite": "0"},
{"y": "7", "x": "4", "intensite": "0"},
{"y": "8", "x": "4", "intensite": "0"},
{"y": "9", "x": "4", "intensite": "0"},
{"y": "0", "x": "5", "intensite": "0"},
{"y": "1", "x": "5", "intensite": "5"},
{"y": "2", "x": "5", "intensite": "0"},
{"y": "3", "x": "5", "intensite": "0"},
{"y": "4", "x": "5", "intensite": "0"},
{"y": "5", "x": "5", "intensite": "0"},
{"y": "6", "x": "5", "intensite": "0"},
{"y": "7", "x": "5", "intensite": "0"},
{"y": "8", "x": "5", "intensite": "0"},
{"y": "9", "x": "5", "intensite": "0"}
],[
{"y": "0", "x": "0", "intensite": "9"},
{"y": "1", "x": "0", "intensite": "0"},
{"y": "2", "x": "0", "intensite": "0"},
{"y": "3", "x": "0", "intensite": "0"},
{"y": "4", "x": "0", "intensite": "0"},
{"y": "5", "x": "0", "intensite": "0"},
{"y": "6", "x": "0", "intensite": "0"},
{"y": "7", "x": "0", "intensite": "0"},
{"y": "8", "x": "0", "intensite": "0"},
{"y": "9", "x": "0", "intensite": "0"},
{"y": "0", "x": "1", "intensite": "1"},
{"y": "1", "x": "1", "intensite": "0"},
{"y": "2", "x": "1", "intensite": "0"},
{"y": "3", "x": "1", "intensite": "9"},
{"y": "4", "x": "1", "intensite": "0"},
{"y": "5", "x": "1", "intensite": "0"},
{"y": "6", "x": "1", "intensite": "0"},
{"y": "7", "x": "1", "intensite": "0"},
{"y": "8", "x": "1", "intensite": "0"},
{"y": "9", "x": "1", "intensite": "0"},
{"y": "0", "x": "2", "intensite": "0"},
{"y": "1", "x": "2", "intensite": "0"},
{"y": "2", "x": "2", "intensite": "0"},
{"y": "3", "x": "2", "intensite": "0"},
{"y": "4", "x": "2", "intensite": "0"},
{"y": "5", "x": "2", "intensite": "0"},
{"y": "6", "x": "2", "intensite": "0"},
{"y": "7", "x": "2", "intensite": "0"},
{"y": "8", "x": "2", "intensite": "0"},
{"y": "9", "x": "2", "intensite": "0"},
{"y": "0", "x": "3", "intensite": "0"},
{"y": "1", "x": "3", "intensite": "0"},
{"y": "2", "x": "3", "intensite": "0"},
{"y": "3", "x": "3", "intensite": "0"},
{"y": "4", "x": "3", "intensite": "0"},
{"y": "5", "x": "3", "intensite": "0"},
{"y": "6", "x": "3", "intensite": "0"},
{"y": "7", "x": "3", "intensite": "0"},
{"y": "8", "x": "3", "intensite": "0"},
{"y": "9", "x": "3", "intensite": "0"},
{"y": "0", "x": "4", "intensite": "0"},
{"y": "1", "x": "4", "intensite": "0"},
{"y": "2", "x": "4", "intensite": "0"},
{"y": "3", "x": "4", "intensite": "0"},
{"y": "4", "x": "4", "intensite": "0"},
{"y": "5", "x": "4", "intensite": "0"},
{"y": "6", "x": "4", "intensite": "0"},
{"y": "7", "x": "4", "intensite": "0"},
{"y": "8", "x": "4", "intensite": "0"},
{"y": "9", "x": "4", "intensite": "0"},
{"y": "0", "x": "5", "intensite": "0"},
{"y": "1", "x": "5", "intensite": "5"},
{"y": "2", "x": "5", "intensite": "0"},
{"y": "3", "x": "5", "intensite": "0"},
{"y": "4", "x": "5", "intensite": "0"},
{"y": "5", "x": "5", "intensite": "0"},
{"y": "6", "x": "5", "intensite": "0"},
{"y": "7", "x": "5", "intensite": "0"},
{"y": "8", "x": "5", "intensite": "0"},
{"y": "9", "x": "5", "intensite": "0"}
],[
{"y": "0", "x": "0", "intensite": "9"},
{"y": "1", "x": "0", "intensite": "0"},
{"y": "2", "x": "0", "intensite": "0"},
{"y": "3", "x": "0", "intensite": "0"},
{"y": "4", "x": "0", "intensite": "0"},
{"y": "5", "x": "0", "intensite": "0"},
{"y": "6", "x": "0", "intensite": "0"},
{"y": "7", "x": "0", "intensite": "0"},
{"y": "8", "x": "0", "intensite": "0"},
{"y": "9", "x": "0", "intensite": "0"},
{"y": "0", "x": "1", "intensite": "1"},
{"y": "1", "x": "1", "intensite": "0"},
{"y": "2", "x": "1", "intensite": "0"},
{"y": "3", "x": "1", "intensite": "9"},
{"y": "4", "x": "1", "intensite": "0"},
{"y": "5", "x": "1", "intensite": "0"},
{"y": "6", "x": "1", "intensite": "0"},
{"y": "7", "x": "1", "intensite": "0"},
{"y": "8", "x": "1", "intensite": "0"},
{"y": "9", "x": "1", "intensite": "0"},
{"y": "0", "x": "2", "intensite": "0"},
{"y": "1", "x": "2", "intensite": "0"},
{"y": "2", "x": "2", "intensite": "0"},
{"y": "3", "x": "2", "intensite": "0"},
{"y": "4", "x": "2", "intensite": "0"},
{"y": "5", "x": "2", "intensite": "0"},
{"y": "6", "x": "2", "intensite": "0"},
{"y": "7", "x": "2", "intensite": "0"},
{"y": "8", "x": "2", "intensite": "0"},
{"y": "9", "x": "2", "intensite": "0"},
{"y": "0", "x": "3", "intensite": "0"},
{"y": "1", "x": "3", "intensite": "0"},
{"y": "2", "x": "3", "intensite": "0"},
{"y": "3", "x": "3", "intensite": "0"},
{"y": "4", "x": "3", "intensite": "0"},
{"y": "5", "x": "3", "intensite": "0"},
{"y": "6", "x": "3", "intensite": "0"},
{"y": "7", "x": "3", "intensite": "0"},
{"y": "8", "x": "3", "intensite": "0"},
{"y": "9", "x": "3", "intensite": "0"},
{"y": "0", "x": "4", "intensite": "0"},
{"y": "1", "x": "4", "intensite": "0"},
{"y": "2", "x": "4", "intensite": "0"},
{"y": "3", "x": "4", "intensite": "0"},
{"y": "4", "x": "4", "intensite": "0"},
{"y": "5", "x": "4", "intensite": "0"},
{"y": "6", "x": "4", "intensite": "0"},
{"y": "7", "x": "4", "intensite": "0"},
{"y": "8", "x": "4", "intensite": "0"},
{"y": "9", "x": "4", "intensite": "0"},
{"y": "0", "x": "5", "intensite": "0"},
{"y": "1", "x": "5", "intensite": "5"},
{"y": "2", "x": "5", "intensite": "0"},
{"y": "3", "x": "5", "intensite": "0"},
{"y": "4", "x": "5", "intensite": "0"},
{"y": "5", "x": "5", "intensite": "0"},
{"y": "6", "x": "5", "intensite": "0"},
{"y": "7", "x": "5", "intensite": "0"},
{"y": "8", "x": "5", "intensite": "0"},
{"y": "9", "x": "5", "intensite": "0"}
],